dcc-core-gpu-46
Fri Jun  6 21:27:22 2025       
+-----------------------------------------------------------------------------------------+
| NVIDIA-SMI 560.35.05              Driver Version: 560.35.05      CUDA Version: 12.6     |
|-----------------------------------------+------------------------+----------------------+
| GPU  Name                 Persistence-M | Bus-Id          Disp.A | Volatile Uncorr. ECC |
| Fan  Temp   Perf          Pwr:Usage/Cap |           Memory-Usage | GPU-Util  Compute M. |
|                                         |                        |               MIG M. |
|=========================================+========================+======================|
|   0  NVIDIA RTX 5000 Ada Gene...    On  |   00000000:13:00.0 Off |                    0 |
| 30%   17C    P8             15W /  250W |       2MiB /  30712MiB |      0%      Default |
|                                         |                        |                  N/A |
+-----------------------------------------+------------------------+----------------------+
                                                                                         
+-----------------------------------------------------------------------------------------+
| Processes:                                                                              |
|  GPU   GI   CI        PID   Type   Process name                              GPU Memory |
|        ID   ID                                                               Usage      |
|=========================================================================================|
|  No running processes found                                                             |
+-----------------------------------------------------------------------------------------+
loaded 6905 observations
number of unique genes: 32051
Transformer(
  (emb_gene): Embedding(32051, 128)
  (proj_expression): Linear(in_features=1, out_features=128, bias=True)
  (proj_gene_input): Linear(in_features=128, out_features=512, bias=True)
  (pos_encoder): PositionalEncoding(
    (dropout): Dropout(p=0.1, inplace=False)
  )
  (encoder): TransformerEncoder(
    (layers): ModuleList(
      (0-2): 3 x TransformerEncoderLayer(
        (self_attn): MultiheadAttention(
          (out_proj): NonDynamicallyQuantizableLinear(in_features=512, out_features=512, bias=True)
        )
        (linear1): Linear(in_features=512, out_features=512, bias=True)
        (dropout): Dropout(p=0.1, inplace=False)
        (linear2): Linear(in_features=512, out_features=512, bias=True)
        (norm1): LayerNorm((512,), eps=1e-05, elementwise_affine=True)
        (norm2): LayerNorm((512,), eps=1e-05, elementwise_affine=True)
        (dropout1): Dropout(p=0.1, inplace=False)
        (dropout2): Dropout(p=0.1, inplace=False)
      )
    )
  )
  (proj_smiles_input): Linear(in_features=768, out_features=512, bias=True)
  (regression_head): Sequential(
    (0): LayerNorm((512,), eps=1e-05, elementwise_affine=True)
    (1): Dropout(p=0.1, inplace=False)
    (2): Linear(in_features=512, out_features=256, bias=True)
    (3): ReLU()
    (4): Dropout(p=0.1, inplace=False)
    (5): Linear(in_features=256, out_features=1, bias=True)
  )
)
number of params:  9429121
number of trainable params:  9429121
Epoch [1/10]  Train Loss: 5.5122  Val Loss: 5.3249
Epoch [2/10]  Train Loss: 3.7459  Val Loss: 3.2384
Epoch [3/10]  Train Loss: 3.3634  Val Loss: 3.1551
Epoch [4/10]  Train Loss: 3.3264  Val Loss: 3.4542
Epoch [5/10]  Train Loss: 3.2852  Val Loss: 3.1269
Epoch [6/10]  Train Loss: 3.2609  Val Loss: 3.0149
Epoch [7/10]  Train Loss: 3.2620  Val Loss: 2.8894
Epoch [8/10]  Train Loss: 3.2454  Val Loss: 4.0404
Epoch [9/10]  Train Loss: 3.2550  Val Loss: 2.9856
Epoch [10/10]  Train Loss: 3.2414  Val Loss: 2.7861
[0.68219393, 0.6888997, 0.640758, 0.75670224, 0.6368544, 0.83577985, 0.7495348, 0.6657043, -2.6862245, -2.2935412, 0.7304645, -2.5194001, 0.6489882, 0.6191801, -2.7034197, 0.6619494, -2.3727603, 0.6774947, 0.7356381, 0.6609879, -2.6764545, -2.655236, -2.6066856, 0.7852407, -2.4813337, 0.6908347, 0.75279325, 0.66857785, 0.74821156, -2.2422917, 0.83732635, 0.6892995, 0.80347973, -1.8832723, 0.61969703, -2.027033, -2.5633307, 0.6182672, -2.5032327, -2.052514, 0.7028252, 0.72880924, 0.85242367, -2.23048, 0.72938997, 0.6165044, -2.664906, 0.7001912, -2.7378237, 0.6786242, -2.5598187, 0.6891872, 0.73400587, 0.71037024, 0.7131122, 0.79623365, 0.5794421, 0.72946376, 0.620002, 0.6578523, 0.68490905, 0.8539383, 0.6036025, 0.67486304, 0.64765924, -2.6130764, -2.6414075, 0.6290217, 0.60737985, -2.4843106, -2.8099132, -2.6899981, -2.5079541, -2.3616178, 0.6333255, -2.7722836, 0.63915914, 0.6804939, -2.5004885, 0.66884214, 0.9487038, 0.6427079, 0.59639233, 0.72604614, -2.7154472, 0.8111685, -2.6097803, 0.6777924, 0.8441834, -2.5131407, -2.6636147, -2.0925255, 0.7192207, 0.66650444, -2.094397, 0.6319586, 0.6929118, 0.70703727, 0.6813851, 0.6211979, -2.1820884, 0.6654191, 0.83646053, 0.67686087, 0.7586882, 0.6277385, 0.6716396, 0.7068696, -2.4924963, -2.4834032, 0.7228686, -2.2719848, 0.81107944, 0.6817779, 0.65651095, 0.64293486, 0.59784716, 0.84719795, -2.8311958, 0.6632804, -2.667889, -2.4847531, -2.2636473, 0.8024096, 0.82638836, 0.5899802, -2.534526, 0.60725766, 0.6635286, -2.4537191, -2.7709575, -1.7636927, -2.2654839, -2.7372546, -2.2827466, 0.77608114, 0.60853964, 0.62174636, -2.316487, 0.7711919, 0.69458777, -2.5847878, -2.14969, 0.67659706, -2.457128, 0.6515746, -2.6492224, 0.7881875, -2.8159907, -2.715304, 0.7230521, -2.3685672, -2.60251, 0.72075135, -2.3008041, 0.74551517, -2.6047955, 0.6394724, 0.6054203, -2.828246, -2.4200697, 0.6325759, -1.9845558, -2.49087, -2.56707, 0.66813153, 0.6434148, 0.7514127, -2.5018148, -2.4786763, 0.64100754, -2.628701, 0.6436042, 0.5916849, -2.7466068, -2.4821472, 0.8899623, -2.0546117, -2.6055748, -2.8430636, 0.7324874, -2.3088841, 0.6545897, -2.7151942, -2.356171, 0.7189018, -1.3066539, 0.6609725, -1.5908617, -2.4847147, 0.6423883, 0.6308293, -2.4531832, -2.1594229, -1.323883, 0.64049774, 0.677277, 0.6508236, 0.67644435, -2.7713451, 0.7310914, 0.6497596, 0.7658134, 0.64858365, -2.472618, -2.618669, 0.58742553, -2.6645617, -2.7029886, 0.74394983, -2.5080752, 0.61682713, -2.6950834, -2.792438, -2.5983596, -2.4789867, 0.64823717, 0.64821655, -2.4390273, 0.9792274, -2.7730694, 0.6170616, 0.7633882, 0.70557165, -2.6654043, 0.69208825, -2.8027215, 0.72135377, -2.5975513, 0.63912684, 0.76007, -2.4472032, 0.68568915, -2.7734005, -2.7819343, -2.6014295, 0.63418275, -2.69527, 0.6899477, 0.64784425, 0.6989299, 0.6853458, -2.4979773, -2.7874763, -2.708394, -2.2351286, 0.84927315, -2.4724374, -2.6743, -2.094716, 0.66245383, 0.69689924, 0.67371774, -2.789631, 0.769952, -1.840598, 0.6466545, 0.6992806, -2.5392246, -2.4598777, 0.6172009, 0.69863, 0.6766369, -2.6325347, -2.492886, 0.68718386, -2.4773204, 0.84176725, -2.5345588, -2.2761867, 0.72258836, -2.6034603, 0.71554714, 0.623981, 0.68876255, -2.2558722, 0.6818858, -2.8031101, 0.6128498, -2.5426626, 0.616471, 0.5936787, 0.66223013, 0.6068248, 0.6719801, 0.6549813, 0.69094723, 0.9256131, -2.8171904, 0.6778874, 0.7362983, -2.6761942, -2.611723, -2.451233, 0.67666405, 0.67176825, -2.7819943, 0.86330765, -1.3409227, 0.6870517, 0.79303265, -2.4051027, -2.1765885, 0.76606965, 0.65256983, 0.6981729, -1.9751896, 0.7449735, 0.6493187, 0.6270041, -2.485065, 0.66292936, 0.63505924, 0.7263661, -2.5340605, 0.7764544, 0.6393253, -2.2125072, -2.560999, -2.4741633, -2.5444365, -2.6619382, -2.827187, -2.5569782, -2.651443, 0.70984346, -1.6694416, 0.6989487, -2.359469, 0.60846204, 0.61214715, -2.5181012, 0.7515537, 0.66592634, 0.7134029, -2.3293142, -2.4881966, 0.7057299, -1.9003061, 0.644363, 0.7433805, 0.69038486, 0.6955522, -2.4866853, 0.63682663, -1.4770868, -2.8552608, -2.0230298, 0.6318833, 0.7368746, -2.6913447, -2.3827507, -2.5102272, -2.8028893, 0.71140915, -2.7007473, -2.7113783, -2.435259, 0.7214435, -1.8799878, -2.4789047, 0.6755951, 0.69267625, -2.4882526, 0.650074, -2.166097, 0.6674315, 0.6881044, 0.95236796, -2.8479009, -2.610832, -2.8362818, 0.6638675, -2.5926366, -2.5403173, 0.6471798, 0.67104936, -2.3652725, -2.1150787, 0.6251567, 0.6754902, -2.45133, 0.83954144, -2.3903313, -2.2084107, -2.7781234, 0.76984334, 0.7205259, 0.6052373, 0.8365806, -2.8172014, 0.7070924, -2.5419898, 0.6422312, 0.6684353, -2.3369012, -2.4015193, 0.76259124, -2.7933173, 0.6314261, 0.6931996, -2.46343, -2.3954225, 0.7020796, 0.68956023, -2.790248, -2.471786, 0.7785824, 0.71950525, -2.2532074, -2.7297456, 0.6868049, -1.9870077, 0.77372634, -2.3465233, -1.7937176, 0.7583378, 0.78623295, 0.6760781, -2.6969402, 0.7589099, 0.7105545, -2.5126052, 0.6975833, 0.89547443, -2.2269597, 0.59895974, 0.8010774, 0.6616655, -1.7555689, 0.6892474, -2.2810907, -1.9510735, -2.6492465, 0.64680296, 0.6576031, -2.4128773, -2.6102383, -2.1190195, -2.6825697, -2.6599574, -2.1488438, -2.6866117, -2.6382632, -2.196151, 0.69505537, -2.2463431, 0.751355, 0.63978255, 0.668625, -2.484528, -1.4161687, -2.2553496, -1.73168, 0.69872737, 0.6864677, -2.583302, 0.6373599, 0.6086326, -2.5896506, -1.9453235, -1.7663906, -2.4590795, 0.7572188, 0.9587503, 0.6858744, 0.71626395, -2.184806, 0.6064523, -1.9252, -2.6316905, -2.3495302, -2.7831976, -1.565792, -2.5245492, 0.7120581, -2.5403228, 0.6241662, -2.671836, -2.538063, 0.6956422, -2.6348119, 0.76332974, 0.8493388, -1.9018413, -2.5974832, 0.7538082, 0.706708, 0.6487869, 0.61510235, -2.7706943, -2.396246, 0.70381826, 0.77863115, 0.70677155, 0.65640223, -2.4287844, 0.70403224, -1.8705711, 0.8889541, -2.5135112, 0.79779536, 0.6964966, 0.6374249, -2.4249728, 0.65087855, -2.2215114, 0.588475, 0.6495169, -2.5102997, -2.4074328, -2.722582, 0.6782649, -2.6786046, -2.7514372, 0.6352084, 0.7002142, -0.46439028, 0.67570907, -2.5527701, 0.6942753, 0.6270555, 0.746715, -2.3126626, -2.5581424, 0.6564698, 0.7249948, -2.3561947, 0.651549, -2.4347808, 0.5986902, -2.5185819, 0.7173503, 0.76935697, 0.7038526, -2.0126739, 0.69277185, -2.6505466, 0.6530173, 0.6371181, -2.5459604, 0.6882075, -2.6291032, 0.69787365, -1.9084805, -1.3402325, -2.4554548, 0.74686426, -2.6830077, 0.7337604, 0.7653195, -2.61004, 0.7623721, 0.81556714, -2.6766758, 0.7041006, -2.3865316, 0.70913666, -2.124031, 0.6483664, -2.6618686, -2.5678103, -2.5813308, 0.7118406, 0.6317528, -2.5786638, -2.549484, 0.82392305, 0.7265176, 0.72317666, 0.89052373, 0.6844908, 0.70919865, -2.6383326, -2.6025488, 0.7188897, -2.0571039, -2.6979465, 0.68620867, -2.390562, 0.9468259, -2.7581692, -2.6477277, 0.65192276, 0.6199836, -2.5665054, -2.3345454, -2.5130577, -1.5065297, 0.70546114, 0.6922605, 0.6564717, -2.5941553, 0.6810443, 0.60929924, -2.6247973, 0.6252214, -2.478785, 0.7645286, 0.7359861, -2.7138596, -2.6431339, -2.792996, -2.7147937, 0.7159221, -2.6875925, -2.6814923, -2.8424447, -2.5589857, -2.475573, 0.6966101, -2.4839063, -2.682437, -2.3927007, -2.2955317, 0.69557685, 0.75206083, -1.8442348, -2.7585223, -2.5998874, -2.7671034, -2.4252443, -2.5881526, -2.4601097, -1.2498738, -2.3365397, 0.6965641, -2.8172112, -2.6593447, 0.6724218, 0.63868564, -2.5436096, 0.6451062, -2.4901342, 0.79458624, -2.7427244, -2.8202648, -2.6327934, -1.6547034, 0.7083704, -1.9478385, 0.719484, -2.8227892, -2.6077113, 0.7519266, 0.69671696, 0.73530453, -1.5456427, 0.7148457, -2.658107, 0.69196075, -2.0825977, 0.841012, -2.489974, 0.6947151, 0.84417427, -2.58913, 0.84321344, -2.7261071, -2.6649153, 0.68514997, 0.7125276, -2.8005028, 0.6479619, -2.5378337, 0.6965596, -2.6847854, 0.7261566, -2.5766802, -2.5930958, -2.3195055, -2.5002832, -2.5564935, -2.402596, -2.6793346, -2.6967082, 0.65440106, 0.6925155, -1.1950234, -2.3125477, 0.64096975, 0.7000416, -2.593846, 0.9406194, -2.5731087, 0.7046854, 0.7004717, -2.8051763, -2.73641, 0.614018, -2.3658466, -2.4128027, -2.5285301, -2.525766, 0.64718264, -2.373757, -2.6538553, -2.4302382, 0.7054678, 0.78902125, -2.5758643, -2.5326705, 0.6873376, 0.6660557, 0.67668074, 0.7756572, 0.7448785, 0.66001487, -2.3763847, 0.90283483, -1.9211205, 0.6608884, 0.6531136, -1.845186, -2.153672, 0.72774214, 0.76120234, -2.1543808, 0.62516034, -2.2568443, -2.6107197, 0.6209138, -2.2557003, 0.6753507, -2.441734, -2.3385851, 0.65562433, 0.6562105, -2.5313964, 0.6124739, 0.6321047, -2.2148223, -2.6642547, -2.3946037, 0.6619745, 0.6085399, 0.6753399, -2.377768, -2.2906733, 0.67468816, -1.6573902, 0.6438615, -2.487209, 0.6192383, -2.702311, 0.6574449, 0.69043046, 0.7084585, -2.6104965, -2.8259826, 0.66475415, 0.6959793, 0.68250245, 0.6203432, -2.5255837, 0.7064152, 0.8292675, 0.67481905, 0.7100852, 0.594302, -2.1370335, -2.5769205, -2.455234, 0.6264945, 0.64945114, -2.4829845, -2.6789396, 0.63021857, -2.534639, -2.6953275, 0.6810432, -2.8270454, -1.199503, -2.452652, 0.6170227, 0.7776937, -2.5856516, -2.8323092, -2.0248106, -2.8215392, 0.66292614, -2.6763523, -2.5028942, 0.6856945, 0.82060623, 0.79897577, 0.6717447, -2.673455, -2.684338, 0.78329676, -2.4607644, -2.4171767, -2.465053, -2.303052, 0.70860165, 0.69343877, 0.657589, -2.4560726, -2.6227884, 0.68980575, 0.6789403, -2.8092546, -2.6686022, -2.4797018, -2.5825157, -2.603301, 0.6848713, 0.79086035, 0.6827343, -2.429277, -2.1545796, -2.2581358, -2.3267796, -2.5586286, -2.5403516, -2.392158, 0.73299295, -2.3421197, -2.684296, -2.6916802, 0.7219401, -1.4470195, -2.6140804, -2.148234, 0.66695863, 0.8542003, -2.4414482, -2.6104827, -2.6386862, -1.9110031, 0.91511595, 0.7027734, 0.70597357, -2.5746567, -2.6363986, -2.5655081, 0.6487102, 0.6187113, 0.6844044, -1.8880831, -2.8167129, 0.71001196, 0.7426031, 0.64629394, -2.5311658, -2.645762, -2.1218085, -2.0706482, -2.469059, -2.5463538, -2.7655091, -2.783128, 0.7179839, -1.6259019, 0.8265109, -2.2735415, 0.65131885, -2.527315, -2.4495666, 0.70703435, -2.6116672, 0.83371526, 0.6598265, -2.8245819, 0.73824203, 0.70224863, -2.5124226, 0.84427273, -2.5895228, -2.6949203, -2.4793987, 0.70693845, -2.745102, -2.3756783, -2.626768, 0.88415486, -2.366713, 0.797149, -2.6153922, -2.6300128, 0.6981799, -2.5193844, -2.5165234, -2.5990763, 0.6273113, -2.4232106, -2.111745, -2.556766, -2.4488597, -2.4802465, 0.62093586, 0.65114135, -2.0015898, -2.5977283, -2.3258612, -2.8346925, -2.401547, 0.6876591, 0.6880668, 0.73799556, 0.74280787, 0.6209691, 0.62521535, 0.670452, 0.5865392, 0.6083879, 0.7153573, 0.6797151, -2.1141696, 0.7680064, 0.6600247, 0.79009575, -2.6265774, 0.8540736, 0.672224, 0.65951604, -2.5960474, -2.3903298, 0.623403, -1.9794362, -2.6220815, 0.62079483, 0.66663563, -2.4230447, -1.6380275, -1.9105538, -2.4975407, -2.7811394, -2.2370777, -2.6531863, -2.267439, 0.7354551, -2.4357312, 0.77476084, 0.6759875, -2.840095, 0.6920571, -2.61298, -2.755488, 0.71301776, 0.69217306, 0.64611065, -2.5836587, -2.0657165, 0.7405933, -2.4018798, 0.92744786, 0.59169334, -2.4694407, 0.7564934, -2.6809704, -1.9385543, 0.8304377, 0.67350996, -2.396438, 0.73556775, -2.5092244, -2.4948287, -2.5262399, -2.2901678, 0.63143057, 0.68565154, 0.75677675, -2.4303164, -2.4601984, 0.67537075, -2.8372757, -2.668123, -2.6302478, 0.68994796, 0.65689594, -2.5566397, 0.7099088, 0.633015, -2.8406405, -2.6582098, -2.0368505, 0.689357, -2.6935053, -2.5554104, 0.74513996, 0.6356706, 0.74993014, 0.72943026, -2.814782, -2.4310083, 0.6768903, 0.86858696, 0.61184376, -2.8295643, 0.6557553, -2.3634381, 0.68019587, -1.8630942, 0.6545419, -2.6335685, -1.7918676, -2.8206587, -2.644809, -2.4878469, -2.6337242, -1.448605, -2.73378, 0.59544325, -2.4914095, -2.6524625, 0.66876346, -2.5991702, 0.6814342, -2.4342227, -2.7935781, -2.5328002, -2.5645585, 0.729523, 0.7379727, 0.6601339, 0.70979863, -2.7334723, 0.67574066, 0.7088532, 0.64091074, 0.74574673, 0.5747364, 0.69616944, 0.7809916, -2.5027678, 0.63206965, -2.8149917, -1.957646, -2.5049682, -2.021523, -2.5537205, -2.3500156, 0.6949764, -2.756115]
MSE: 3.4273, PCC: 0.6483, SCC: 0.6103
model saved to /hpc/home/yc583/Tahoe100M_practice/saved_mdls/ic50_predictor.pth
[1;34mwandb[0m: 
[1;34mwandb[0m: 🚀 View run [33mtest_run[0m at: [34mhttps://wandb.ai/tecchk-cyt-duke-university/Tahoe/runs/i42q662j[0m
[1;34mwandb[0m: Find logs at: [1;35mwandb/run-20250606_212737-i42q662j/logs[0m
